

Started GET "/update_times" for 127.0.0.1 at 2016-05-02 10:43:08 -0400

ActiveRecord::PendingMigrationError (

Migrations are pending. To resolve this issue, run:

	bin/rake db:migrate RAILS_ENV=development

):
  activerecord (4.2.5.1) lib/active_record/migration.rb:392:in `check_pending!'
  activerecord (4.2.5.1) lib/active_record/migration.rb:373:in `call'
  actionpack (4.2.5.1) lib/action_dispatch/middleware/callbacks.rb:29:in `block in call'
  activesupport (4.2.5.1) lib/active_support/callbacks.rb:88:in `__run_callbacks__'
  activesupport (4.2.5.1) lib/active_support/callbacks.rb:778:in `_run_call_callbacks'
  activesupport (4.2.5.1) lib/active_support/callbacks.rb:81:in `run_callbacks'
  actionpack (4.2.5.1) lib/action_dispatch/middleware/callbacks.rb:27:in `call'
  actionpack (4.2.5.1) lib/action_dispatch/middleware/reloader.rb:73:in `call'
  actionpack (4.2.5.1) lib/action_dispatch/middleware/remote_ip.rb:78:in `call'
  actionpack (4.2.5.1) lib/action_dispatch/middleware/debug_exceptions.rb:17:in `call'
  web-console (2.3.0) lib/web_console/middleware.rb:28:in `block in call'
  web-console (2.3.0) lib/web_console/middleware.rb:18:in `catch'
  web-console (2.3.0) lib/web_console/middleware.rb:18:in `call'
  actionpack (4.2.5.1) lib/action_dispatch/middleware/show_exceptions.rb:30:in `call'
  railties (4.2.5.1) lib/rails/rack/logger.rb:38:in `call_app'
  railties (4.2.5.1) lib/rails/rack/logger.rb:20:in `block in call'
  activesupport (4.2.5.1) lib/active_support/tagged_logging.rb:68:in `block in tagged'
  activesupport (4.2.5.1) lib/active_support/tagged_logging.rb:26:in `tagged'
  activesupport (4.2.5.1) lib/active_support/tagged_logging.rb:68:in `tagged'
  railties (4.2.5.1) lib/rails/rack/logger.rb:20:in `call'
  actionpack (4.2.5.1) lib/action_dispatch/middleware/request_id.rb:21:in `call'
  rack (1.6.4) lib/rack/methodoverride.rb:22:in `call'
  rack (1.6.4) lib/rack/runtime.rb:18:in `call'
  activesupport (4.2.5.1) lib/active_support/cache/strategy/local_cache_middleware.rb:28:in `call'
  rack (1.6.4) lib/rack/lock.rb:17:in `call'
  actionpack (4.2.5.1) lib/action_dispatch/middleware/static.rb:116:in `call'
  rack (1.6.4) lib/rack/sendfile.rb:113:in `call'
  railties (4.2.5.1) lib/rails/engine.rb:518:in `call'
  railties (4.2.5.1) lib/rails/application.rb:165:in `call'
  rack (1.6.4) lib/rack/lock.rb:17:in `call'
  rack (1.6.4) lib/rack/content_length.rb:15:in `call'
  rack (1.6.4) lib/rack/handler/webrick.rb:88:in `service'
  /home/csuser/.rbenv/versions/2.1.5/lib/ruby/2.1.0/webrick/httpserver.rb:138:in `service'
  /home/csuser/.rbenv/versions/2.1.5/lib/ruby/2.1.0/webrick/httpserver.rb:94:in `run'
  /home/csuser/.rbenv/versions/2.1.5/lib/ruby/2.1.0/webrick/server.rb:295:in `block in start_thread'


  Rendered /home/csuser/.rbenv/versions/2.1.5/lib/ruby/gems/2.1.0/gems/actionpack-4.2.5.1/lib/action_dispatch/middleware/templates/rescues/_source.erb (4.5ms)
  Rendered /home/csuser/.rbenv/versions/2.1.5/lib/ruby/gems/2.1.0/gems/actionpack-4.2.5.1/lib/action_dispatch/middleware/templates/rescues/_trace.html.erb (1.1ms)
  Rendered /home/csuser/.rbenv/versions/2.1.5/lib/ruby/gems/2.1.0/gems/actionpack-4.2.5.1/lib/action_dispatch/middleware/templates/rescues/_request_and_response.html.erb (0.9ms)
  Rendered /home/csuser/.rbenv/versions/2.1.5/lib/ruby/gems/2.1.0/gems/actionpack-4.2.5.1/lib/action_dispatch/middleware/templates/rescues/diagnostics.html.erb within rescues/layout (37.0ms)
  Rendered /home/csuser/.rbenv/versions/2.1.5/lib/ruby/gems/2.1.0/gems/web-console-2.3.0/lib/web_console/templates/_markup.html.erb (0.5ms)
  Rendered /home/csuser/.rbenv/versions/2.1.5/lib/ruby/gems/2.1.0/gems/web-console-2.3.0/lib/web_console/templates/_inner_console_markup.html.erb within layouts/inlined_string (0.3ms)
  Rendered /home/csuser/.rbenv/versions/2.1.5/lib/ruby/gems/2.1.0/gems/web-console-2.3.0/lib/web_console/templates/_prompt_box_markup.html.erb within layouts/inlined_string (0.3ms)
  Rendered /home/csuser/.rbenv/versions/2.1.5/lib/ruby/gems/2.1.0/gems/web-console-2.3.0/lib/web_console/templates/style.css.erb within layouts/inlined_string (0.3ms)
  Rendered /home/csuser/.rbenv/versions/2.1.5/lib/ruby/gems/2.1.0/gems/web-console-2.3.0/lib/web_console/templates/console.js.erb within layouts/javascript (55.8ms)
  Rendered /home/csuser/.rbenv/versions/2.1.5/lib/ruby/gems/2.1.0/gems/web-console-2.3.0/lib/web_console/templates/main.js.erb within layouts/javascript (0.3ms)
  Rendered /home/csuser/.rbenv/versions/2.1.5/lib/ruby/gems/2.1.0/gems/web-console-2.3.0/lib/web_console/templates/error_page.js.erb within layouts/javascript (0.3ms)
  Rendered /home/csuser/.rbenv/versions/2.1.5/lib/ruby/gems/2.1.0/gems/web-console-2.3.0/lib/web_console/templates/index.html.erb (95.6ms)
  [1m[36m (20.0ms)[0m  [1mCREATE TABLE "schema_migrations" ("version" varchar NOT NULL) [0m
  [1m[35m (0.1ms)[0m  select sqlite_version(*)
  [1m[36m (8.0ms)[0m  [1mCREATE UNIQUE INDEX "unique_schema_migrations" ON "schema_migrations" ("version")[0m
  [1m[35mActiveRecord::SchemaMigration Load (0.1ms)[0m  SELECT "schema_migrations".* FROM "schema_migrations"
Migrating to CreateUpdateTimes (20160502144154)
  [1m[36m (34.0ms)[0m  [1mbegin transaction[0m
  [1m[35m (0.3ms)[0m  CREATE TABLE "update_times" ("id" INTEGER PRIMARY KEY AUTOINCREMENT NOT NULL, "created_at" datetime NOT NULL, "updated_at" datetime NOT NULL) 
  [1m[36mSQL (0.1ms)[0m  [1mINSERT INTO "schema_migrations" ("version") VALUES (?)[0m  [["version", "20160502144154"]]
  [1m[35m (16.9ms)[0m  commit transaction
  [1m[36mActiveRecord::SchemaMigration Load (0.1ms)[0m  [1mSELECT "schema_migrations".* FROM "schema_migrations"[0m


Started GET "/update_times" for 127.0.0.1 at 2016-05-02 10:43:29 -0400
  [1m[36mActiveRecord::SchemaMigration Load (0.1ms)[0m  [1mSELECT "schema_migrations".* FROM "schema_migrations"[0m
Processing by UpdateTimesController#index as HTML
  [1m[35mUpdateTime Load (0.1ms)[0m  SELECT "update_times".* FROM "update_times"
  Rendered update_times/index.html.erb within layouts/application (5.1ms)
Completed 200 OK in 2300ms (Views: 2284.7ms | ActiveRecord: 0.2ms)


Started GET "/assets/scaffolds.self-4406ff862bb9ddc6f6c79cb791fcf00c8605d97e6bdb41531aed3889682a4126.css?body=1" for 127.0.0.1 at 2016-05-02 10:43:31 -0400


Started GET "/assets/update_times.self-e3b0c44298fc1c149afbf4c8996fb92427ae41e4649b934ca495991b7852b855.css?body=1" for 127.0.0.1 at 2016-05-02 10:43:31 -0400


Started GET "/assets/update_times.self-877aef30ae1b040ab8a3aba4e3e309a11d7f2612f44dde450b5c157aa5f95c05.js?body=1" for 127.0.0.1 at 2016-05-02 10:43:31 -0400


Started GET "/update_times" for 127.0.0.1 at 2016-05-02 10:49:14 -0400
Processing by UpdateTimesController#index as HTML
  [1m[36mUpdateTime Load (0.2ms)[0m  [1mSELECT "update_times".* FROM "update_times"[0m
  Rendered update_times/index.html.erb within layouts/application (2.6ms)
Completed 500 Internal Server Error in 36ms (ActiveRecord: 0.2ms)

ActionView::Template::Error (couldn't find file 'twitter-bootstrap-static/bootstrap' with type 'text/css'):
     7:     <title><%= content_for?(:title) ? yield(:title) : "AjaxLab" %></title>
     8:     <%= csrf_meta_tags %>
     9: 
    10:     <%= stylesheet_link_tag "application", :media => "all" %>
    11: 
    12:     <!-- For third-generation iPad with high-resolution Retina display: -->
    13:     <!-- Size should be 144 x 144 pixels -->
  app/assets/stylesheets/bootstrap_and_overrides.css:2
  app/views/layouts/application.html.erb:10:in `_app_views_layouts_application_html_erb__698952579938640446_70284792988280'


  Rendered /home/csuser/.rbenv/versions/2.1.5/lib/ruby/gems/2.1.0/gems/actionpack-4.2.5.1/lib/action_dispatch/middleware/templates/rescues/_source.erb (9.9ms)
  Rendered /home/csuser/.rbenv/versions/2.1.5/lib/ruby/gems/2.1.0/gems/actionpack-4.2.5.1/lib/action_dispatch/middleware/templates/rescues/_trace.html.erb (3.5ms)
  Rendered /home/csuser/.rbenv/versions/2.1.5/lib/ruby/gems/2.1.0/gems/actionpack-4.2.5.1/lib/action_dispatch/middleware/templates/rescues/_request_and_response.html.erb (0.7ms)
  Rendered /home/csuser/.rbenv/versions/2.1.5/lib/ruby/gems/2.1.0/gems/actionpack-4.2.5.1/lib/action_dispatch/middleware/templates/rescues/template_error.html.erb within rescues/layout (33.7ms)
  Rendered /home/csuser/.rbenv/versions/2.1.5/lib/ruby/gems/2.1.0/gems/web-console-2.3.0/lib/web_console/templates/_markup.html.erb (0.3ms)
  Rendered /home/csuser/.rbenv/versions/2.1.5/lib/ruby/gems/2.1.0/gems/web-console-2.3.0/lib/web_console/templates/_inner_console_markup.html.erb within layouts/inlined_string (0.3ms)
  Rendered /home/csuser/.rbenv/versions/2.1.5/lib/ruby/gems/2.1.0/gems/web-console-2.3.0/lib/web_console/templates/_prompt_box_markup.html.erb within layouts/inlined_string (0.3ms)
  Rendered /home/csuser/.rbenv/versions/2.1.5/lib/ruby/gems/2.1.0/gems/web-console-2.3.0/lib/web_console/templates/style.css.erb within layouts/inlined_string (0.5ms)
  Rendered /home/csuser/.rbenv/versions/2.1.5/lib/ruby/gems/2.1.0/gems/web-console-2.3.0/lib/web_console/templates/console.js.erb within layouts/javascript (130.1ms)
  Rendered /home/csuser/.rbenv/versions/2.1.5/lib/ruby/gems/2.1.0/gems/web-console-2.3.0/lib/web_console/templates/main.js.erb within layouts/javascript (1.5ms)
  Rendered /home/csuser/.rbenv/versions/2.1.5/lib/ruby/gems/2.1.0/gems/web-console-2.3.0/lib/web_console/templates/error_page.js.erb within layouts/javascript (0.3ms)
  Rendered /home/csuser/.rbenv/versions/2.1.5/lib/ruby/gems/2.1.0/gems/web-console-2.3.0/lib/web_console/templates/index.html.erb (160.8ms)
  [1m[36mActiveRecord::SchemaMigration Load (0.1ms)[0m  [1mSELECT "schema_migrations".* FROM "schema_migrations"[0m
  [1m[35mActiveRecord::SchemaMigration Load (0.0ms)[0m  SELECT "schema_migrations".* FROM "schema_migrations"
  [1m[36mActiveRecord::SchemaMigration Load (0.1ms)[0m  [1mSELECT "schema_migrations".* FROM "schema_migrations"[0m


Started GET "/update_times" for 127.0.0.1 at 2016-05-02 10:49:55 -0400
  [1m[36mActiveRecord::SchemaMigration Load (0.2ms)[0m  [1mSELECT "schema_migrations".* FROM "schema_migrations"[0m
Processing by UpdateTimesController#index as HTML
  [1m[35mUpdateTime Load (0.1ms)[0m  SELECT "update_times".* FROM "update_times"
  Rendered update_times/index.html.erb within layouts/application (4.4ms)
Completed 200 OK in 3752ms (Views: 3732.7ms | ActiveRecord: 0.2ms)


Started GET "/update_times" for 127.0.0.1 at 2016-05-02 10:50:49 -0400
Processing by UpdateTimesController#index as HTML
  [1m[36mUpdateTime Load (0.1ms)[0m  [1mSELECT "update_times".* FROM "update_times"[0m
  Rendered update_times/index.html.erb within layouts/application (2.5ms)
Completed 200 OK in 171ms (Views: 167.2ms | ActiveRecord: 0.1ms)


Started GET "/update_times" for 127.0.0.1 at 2016-05-02 10:51:10 -0400
Processing by UpdateTimesController#index as HTML
  [1m[35mUpdateTime Load (0.1ms)[0m  SELECT "update_times".* FROM "update_times"
  Rendered update_times/index.html.erb within layouts/application (4.9ms)
Completed 200 OK in 92ms (Views: 91.7ms | ActiveRecord: 0.1ms)


Started GET "/update_times/index" for 127.0.0.1 at 2016-05-02 10:56:59 -0400
Processing by UpdateTimesController#show as HTML
  Parameters: {"id"=>"index"}
  [1m[36mUpdateTime Load (0.2ms)[0m  [1mSELECT  "update_times".* FROM "update_times" WHERE "update_times"."id" = ? LIMIT 1[0m  [["id", 0]]
Completed 404 Not Found in 25ms (ActiveRecord: 0.4ms)

ActiveRecord::RecordNotFound (Couldn't find UpdateTime with 'id'=index):
  app/controllers/update_times_controller.rb:67:in `set_update_time'


  Rendered /home/csuser/.rbenv/versions/2.1.5/lib/ruby/gems/2.1.0/gems/actionpack-4.2.5.1/lib/action_dispatch/middleware/templates/rescues/_source.erb (5.7ms)
  Rendered /home/csuser/.rbenv/versions/2.1.5/lib/ruby/gems/2.1.0/gems/actionpack-4.2.5.1/lib/action_dispatch/middleware/templates/rescues/_trace.html.erb (5.3ms)
  Rendered /home/csuser/.rbenv/versions/2.1.5/lib/ruby/gems/2.1.0/gems/actionpack-4.2.5.1/lib/action_dispatch/middleware/templates/rescues/_request_and_response.html.erb (1.8ms)
  Rendered /home/csuser/.rbenv/versions/2.1.5/lib/ruby/gems/2.1.0/gems/actionpack-4.2.5.1/lib/action_dispatch/middleware/templates/rescues/diagnostics.html.erb within rescues/layout (37.4ms)
  Rendered /home/csuser/.rbenv/versions/2.1.5/lib/ruby/gems/2.1.0/gems/web-console-2.3.0/lib/web_console/templates/_markup.html.erb (0.5ms)
  Rendered /home/csuser/.rbenv/versions/2.1.5/lib/ruby/gems/2.1.0/gems/web-console-2.3.0/lib/web_console/templates/_inner_console_markup.html.erb within layouts/inlined_string (0.2ms)
  Rendered /home/csuser/.rbenv/versions/2.1.5/lib/ruby/gems/2.1.0/gems/web-console-2.3.0/lib/web_console/templates/_prompt_box_markup.html.erb within layouts/inlined_string (0.2ms)
  Rendered /home/csuser/.rbenv/versions/2.1.5/lib/ruby/gems/2.1.0/gems/web-console-2.3.0/lib/web_console/templates/style.css.erb within layouts/inlined_string (0.2ms)
  Rendered /home/csuser/.rbenv/versions/2.1.5/lib/ruby/gems/2.1.0/gems/web-console-2.3.0/lib/web_console/templates/console.js.erb within layouts/javascript (31.4ms)
  Rendered /home/csuser/.rbenv/versions/2.1.5/lib/ruby/gems/2.1.0/gems/web-console-2.3.0/lib/web_console/templates/main.js.erb within layouts/javascript (0.2ms)
  Rendered /home/csuser/.rbenv/versions/2.1.5/lib/ruby/gems/2.1.0/gems/web-console-2.3.0/lib/web_console/templates/error_page.js.erb within layouts/javascript (0.4ms)
  Rendered /home/csuser/.rbenv/versions/2.1.5/lib/ruby/gems/2.1.0/gems/web-console-2.3.0/lib/web_console/templates/index.html.erb (65.8ms)


Started GET "/update_times" for 127.0.0.1 at 2016-05-02 10:58:30 -0400
Processing by UpdateTimesController#index as HTML
  [1m[35mUpdateTime Load (0.1ms)[0m  SELECT "update_times".* FROM "update_times"
  Rendered update_times/index.html.erb within layouts/application (3.1ms)
Completed 200 OK in 79ms (Views: 77.5ms | ActiveRecord: 0.1ms)


Started GET "/update_times" for 127.0.0.1 at 2016-05-02 10:59:58 -0400
Processing by UpdateTimesController#index as HTML
  [1m[36mUpdateTime Load (0.1ms)[0m  [1mSELECT "update_times".* FROM "update_times"[0m
  Rendered update_times/index.html.erb within layouts/application (6.0ms)
Completed 200 OK in 80ms (Views: 79.8ms | ActiveRecord: 0.1ms)


Started GET "/update_times" for 127.0.0.1 at 2016-05-02 11:00:31 -0400
Processing by UpdateTimesController#index as HTML
  [1m[35mUpdateTime Load (2.0ms)[0m  SELECT "update_times".* FROM "update_times"
  Rendered update_times/index.html.erb within layouts/application (3.2ms)
Completed 200 OK in 75ms (Views: 72.4ms | ActiveRecord: 2.0ms)


Started GET "/update_times/new" for 127.0.0.1 at 2016-05-02 11:00:39 -0400
Processing by UpdateTimesController#new as HTML
  Rendered update_times/_form.html.erb (4.3ms)
  Rendered update_times/new.html.erb within layouts/application (5.4ms)
Completed 200 OK in 68ms (Views: 66.0ms | ActiveRecord: 0.0ms)


Started GET "/update_times" for 127.0.0.1 at 2016-05-02 11:00:44 -0400
Processing by UpdateTimesController#index as HTML
  [1m[36mUpdateTime Load (0.1ms)[0m  [1mSELECT "update_times".* FROM "update_times"[0m
  Rendered update_times/index.html.erb within layouts/application (1.3ms)
Completed 200 OK in 32ms (Views: 31.1ms | ActiveRecord: 0.1ms)


Started GET "/update_times" for 127.0.0.1 at 2016-05-02 11:01:12 -0400
Processing by UpdateTimesController#index as HTML
  [1m[35mUpdateTime Load (0.1ms)[0m  SELECT "update_times".* FROM "update_times"
  Rendered update_times/index.html.erb within layouts/application (9.2ms)
Completed 500 Internal Server Error in 13ms (ActiveRecord: 0.1ms)

ActionView::Template::Error (No route matches {:action=>"edit", :controller=>"update_times"} missing required keys: [:id]):
    22: 
    23: <br>
    24: 
    25: <%= link_to 'Update', edit_update_time_path, :class => 'btn btn-default' %>
  app/views/update_times/index.html.erb:25:in `_app_views_update_times_index_html_erb___1249603745368549480_70161760350500'


  Rendered /home/csuser/.rbenv/versions/2.1.5/lib/ruby/gems/2.1.0/gems/actionpack-4.2.5.1/lib/action_dispatch/middleware/templates/rescues/_source.erb (10.8ms)
  Rendered /home/csuser/.rbenv/versions/2.1.5/lib/ruby/gems/2.1.0/gems/actionpack-4.2.5.1/lib/action_dispatch/middleware/templates/rescues/_trace.html.erb (2.6ms)
  Rendered /home/csuser/.rbenv/versions/2.1.5/lib/ruby/gems/2.1.0/gems/actionpack-4.2.5.1/lib/action_dispatch/middleware/templates/rescues/_request_and_response.html.erb (0.7ms)
  Rendered /home/csuser/.rbenv/versions/2.1.5/lib/ruby/gems/2.1.0/gems/actionpack-4.2.5.1/lib/action_dispatch/middleware/templates/rescues/template_error.html.erb within rescues/layout (36.0ms)
  Rendered /home/csuser/.rbenv/versions/2.1.5/lib/ruby/gems/2.1.0/gems/web-console-2.3.0/lib/web_console/templates/_markup.html.erb (0.4ms)
  Rendered /home/csuser/.rbenv/versions/2.1.5/lib/ruby/gems/2.1.0/gems/web-console-2.3.0/lib/web_console/templates/_inner_console_markup.html.erb within layouts/inlined_string (0.2ms)
  Rendered /home/csuser/.rbenv/versions/2.1.5/lib/ruby/gems/2.1.0/gems/web-console-2.3.0/lib/web_console/templates/_prompt_box_markup.html.erb within layouts/inlined_string (0.2ms)
  Rendered /home/csuser/.rbenv/versions/2.1.5/lib/ruby/gems/2.1.0/gems/web-console-2.3.0/lib/web_console/templates/style.css.erb within layouts/inlined_string (0.2ms)
  Rendered /home/csuser/.rbenv/versions/2.1.5/lib/ruby/gems/2.1.0/gems/web-console-2.3.0/lib/web_console/templates/console.js.erb within layouts/javascript (19.7ms)
  Rendered /home/csuser/.rbenv/versions/2.1.5/lib/ruby/gems/2.1.0/gems/web-console-2.3.0/lib/web_console/templates/main.js.erb within layouts/javascript (0.2ms)
  Rendered /home/csuser/.rbenv/versions/2.1.5/lib/ruby/gems/2.1.0/gems/web-console-2.3.0/lib/web_console/templates/error_page.js.erb within layouts/javascript (3.7ms)
  Rendered /home/csuser/.rbenv/versions/2.1.5/lib/ruby/gems/2.1.0/gems/web-console-2.3.0/lib/web_console/templates/index.html.erb (50.2ms)


Started GET "/update_times" for 127.0.0.1 at 2016-05-02 11:01:34 -0400
Processing by UpdateTimesController#index as HTML
  [1m[36mUpdateTime Load (0.4ms)[0m  [1mSELECT "update_times".* FROM "update_times"[0m
  Rendered update_times/index.html.erb within layouts/application (40.4ms)
Completed 500 Internal Server Error in 42ms (ActiveRecord: 0.4ms)

ActionView::Template::Error (undefined local variable or method `add_update_time_path' for #<#<Class:0x007f9fbe53d6e8>:0x007f9f9ca7d8a0>):
    22: 
    23: <br>
    24: 
    25: <%= link_to 'Update', add_update_time_path, :class => 'btn btn-default' %>
  app/views/update_times/index.html.erb:25:in `_app_views_update_times_index_html_erb___1249603745368549480_70161752384060'


  Rendered /home/csuser/.rbenv/versions/2.1.5/lib/ruby/gems/2.1.0/gems/actionpack-4.2.5.1/lib/action_dispatch/middleware/templates/rescues/_source.erb (13.1ms)
  Rendered /home/csuser/.rbenv/versions/2.1.5/lib/ruby/gems/2.1.0/gems/actionpack-4.2.5.1/lib/action_dispatch/middleware/templates/rescues/_trace.html.erb (1.6ms)
  Rendered /home/csuser/.rbenv/versions/2.1.5/lib/ruby/gems/2.1.0/gems/actionpack-4.2.5.1/lib/action_dispatch/middleware/templates/rescues/_request_and_response.html.erb (0.7ms)
  Rendered /home/csuser/.rbenv/versions/2.1.5/lib/ruby/gems/2.1.0/gems/actionpack-4.2.5.1/lib/action_dispatch/middleware/templates/rescues/template_error.html.erb within rescues/layout (38.8ms)
  Rendered /home/csuser/.rbenv/versions/2.1.5/lib/ruby/gems/2.1.0/gems/web-console-2.3.0/lib/web_console/templates/_markup.html.erb (0.3ms)
  Rendered /home/csuser/.rbenv/versions/2.1.5/lib/ruby/gems/2.1.0/gems/web-console-2.3.0/lib/web_console/templates/_inner_console_markup.html.erb within layouts/inlined_string (1.7ms)
  Rendered /home/csuser/.rbenv/versions/2.1.5/lib/ruby/gems/2.1.0/gems/web-console-2.3.0/lib/web_console/templates/_prompt_box_markup.html.erb within layouts/inlined_string (0.4ms)
  Rendered /home/csuser/.rbenv/versions/2.1.5/lib/ruby/gems/2.1.0/gems/web-console-2.3.0/lib/web_console/templates/style.css.erb within layouts/inlined_string (0.4ms)
  Rendered /home/csuser/.rbenv/versions/2.1.5/lib/ruby/gems/2.1.0/gems/web-console-2.3.0/lib/web_console/templates/console.js.erb within layouts/javascript (32.3ms)
  Rendered /home/csuser/.rbenv/versions/2.1.5/lib/ruby/gems/2.1.0/gems/web-console-2.3.0/lib/web_console/templates/main.js.erb within layouts/javascript (0.2ms)
  Rendered /home/csuser/.rbenv/versions/2.1.5/lib/ruby/gems/2.1.0/gems/web-console-2.3.0/lib/web_console/templates/error_page.js.erb within layouts/javascript (0.3ms)
  Rendered /home/csuser/.rbenv/versions/2.1.5/lib/ruby/gems/2.1.0/gems/web-console-2.3.0/lib/web_console/templates/index.html.erb (53.4ms)


Started GET "/update_times" for 127.0.0.1 at 2016-05-02 11:01:40 -0400
Processing by UpdateTimesController#index as HTML
  [1m[35mUpdateTime Load (0.1ms)[0m  SELECT "update_times".* FROM "update_times"
  Rendered update_times/index.html.erb within layouts/application (17.8ms)
Completed 500 Internal Server Error in 25ms (ActiveRecord: 0.1ms)

ActionView::Template::Error (undefined local variable or method `add_update_time_path' for #<#<Class:0x007f9fbe53d6e8>:0x007f9f9c093a60>):
    22: 
    23: <br>
    24: 
    25: <%= link_to 'Update', add_update_time_path, :class => 'btn btn-default' %>
  app/views/update_times/index.html.erb:25:in `_app_views_update_times_index_html_erb___1249603745368549480_70161752384060'


  Rendered /home/csuser/.rbenv/versions/2.1.5/lib/ruby/gems/2.1.0/gems/actionpack-4.2.5.1/lib/action_dispatch/middleware/templates/rescues/_source.erb (26.6ms)
  Rendered /home/csuser/.rbenv/versions/2.1.5/lib/ruby/gems/2.1.0/gems/actionpack-4.2.5.1/lib/action_dispatch/middleware/templates/rescues/_trace.html.erb (3.9ms)
  Rendered /home/csuser/.rbenv/versions/2.1.5/lib/ruby/gems/2.1.0/gems/actionpack-4.2.5.1/lib/action_dispatch/middleware/templates/rescues/_request_and_response.html.erb (0.8ms)
  Rendered /home/csuser/.rbenv/versions/2.1.5/lib/ruby/gems/2.1.0/gems/actionpack-4.2.5.1/lib/action_dispatch/middleware/templates/rescues/template_error.html.erb within rescues/layout (66.3ms)
  Rendered /home/csuser/.rbenv/versions/2.1.5/lib/ruby/gems/2.1.0/gems/web-console-2.3.0/lib/web_console/templates/_markup.html.erb (0.3ms)
  Rendered /home/csuser/.rbenv/versions/2.1.5/lib/ruby/gems/2.1.0/gems/web-console-2.3.0/lib/web_console/templates/_inner_console_markup.html.erb within layouts/inlined_string (0.3ms)
  Rendered /home/csuser/.rbenv/versions/2.1.5/lib/ruby/gems/2.1.0/gems/web-console-2.3.0/lib/web_console/templates/_prompt_box_markup.html.erb within layouts/inlined_string (0.2ms)
  Rendered /home/csuser/.rbenv/versions/2.1.5/lib/ruby/gems/2.1.0/gems/web-console-2.3.0/lib/web_console/templates/style.css.erb within layouts/inlined_string (0.3ms)
  Rendered /home/csuser/.rbenv/versions/2.1.5/lib/ruby/gems/2.1.0/gems/web-console-2.3.0/lib/web_console/templates/console.js.erb within layouts/javascript (26.7ms)
  Rendered /home/csuser/.rbenv/versions/2.1.5/lib/ruby/gems/2.1.0/gems/web-console-2.3.0/lib/web_console/templates/main.js.erb within layouts/javascript (0.3ms)
  Rendered /home/csuser/.rbenv/versions/2.1.5/lib/ruby/gems/2.1.0/gems/web-console-2.3.0/lib/web_console/templates/error_page.js.erb within layouts/javascript (0.4ms)
  Rendered /home/csuser/.rbenv/versions/2.1.5/lib/ruby/gems/2.1.0/gems/web-console-2.3.0/lib/web_console/templates/index.html.erb (53.1ms)


Started GET "/update_times" for 127.0.0.1 at 2016-05-02 11:05:33 -0400
Processing by UpdateTimesController#index as HTML
  Rendered update_times/index.html.erb within layouts/application (1.5ms)
Completed 500 Internal Server Error in 10ms (ActiveRecord: 0.0ms)

ActionView::Template::Error (undefined method `each' for nil:NilClass):
    11:   </thead>
    12: 
    13:   <tbody>
    14:     <% @update_times.each do |update_time| %>
    15:       <tr>
    16:         <td><%= link_to 'Show', update_time %></td>
    17:         <td><%= link_to 'Edit', edit_update_time_path(update_time) %></td>
  app/views/update_times/index.html.erb:14:in `_app_views_update_times_index_html_erb___1249603745368549480_70161756762340'


  Rendered /home/csuser/.rbenv/versions/2.1.5/lib/ruby/gems/2.1.0/gems/actionpack-4.2.5.1/lib/action_dispatch/middleware/templates/rescues/_source.erb (8.6ms)
  Rendered /home/csuser/.rbenv/versions/2.1.5/lib/ruby/gems/2.1.0/gems/actionpack-4.2.5.1/lib/action_dispatch/middleware/templates/rescues/_trace.html.erb (2.2ms)
  Rendered /home/csuser/.rbenv/versions/2.1.5/lib/ruby/gems/2.1.0/gems/actionpack-4.2.5.1/lib/action_dispatch/middleware/templates/rescues/_request_and_response.html.erb (1.5ms)
  Rendered /home/csuser/.rbenv/versions/2.1.5/lib/ruby/gems/2.1.0/gems/actionpack-4.2.5.1/lib/action_dispatch/middleware/templates/rescues/template_error.html.erb within rescues/layout (35.5ms)
  Rendered /home/csuser/.rbenv/versions/2.1.5/lib/ruby/gems/2.1.0/gems/web-console-2.3.0/lib/web_console/templates/_markup.html.erb (0.4ms)
  Rendered /home/csuser/.rbenv/versions/2.1.5/lib/ruby/gems/2.1.0/gems/web-console-2.3.0/lib/web_console/templates/_inner_console_markup.html.erb within layouts/inlined_string (0.3ms)
  Rendered /home/csuser/.rbenv/versions/2.1.5/lib/ruby/gems/2.1.0/gems/web-console-2.3.0/lib/web_console/templates/_prompt_box_markup.html.erb within layouts/inlined_string (0.3ms)
  Rendered /home/csuser/.rbenv/versions/2.1.5/lib/ruby/gems/2.1.0/gems/web-console-2.3.0/lib/web_console/templates/style.css.erb within layouts/inlined_string (0.2ms)
  Rendered /home/csuser/.rbenv/versions/2.1.5/lib/ruby/gems/2.1.0/gems/web-console-2.3.0/lib/web_console/templates/console.js.erb within layouts/javascript (25.8ms)
  Rendered /home/csuser/.rbenv/versions/2.1.5/lib/ruby/gems/2.1.0/gems/web-console-2.3.0/lib/web_console/templates/main.js.erb within layouts/javascript (0.2ms)
  Rendered /home/csuser/.rbenv/versions/2.1.5/lib/ruby/gems/2.1.0/gems/web-console-2.3.0/lib/web_console/templates/error_page.js.erb within layouts/javascript (0.4ms)
  Rendered /home/csuser/.rbenv/versions/2.1.5/lib/ruby/gems/2.1.0/gems/web-console-2.3.0/lib/web_console/templates/index.html.erb (56.8ms)


Started GET "/update_times" for 127.0.0.1 at 2016-05-02 11:07:00 -0400
Processing by UpdateTimesController#index as HTML
  Rendered update_times/index.html.erb within layouts/application (3.1ms)
Completed 200 OK in 96ms (Views: 95.5ms | ActiveRecord: 0.0ms)


Started GET "/update_times" for 127.0.0.1 at 2016-05-02 11:09:58 -0400
Processing by UpdateTimesController#index as HTML
  Rendered update_times/index.html.erb within layouts/application (36.6ms)
Completed 500 Internal Server Error in 43ms (ActiveRecord: 0.0ms)

ActionView::Template::Error (undefined local variable or method `time' for #<#<Class:0x007f9f9d2e3760>:0x007f9fa65b2dc0>):
    1: <p id="notice"><%= notice %></p>
    2: 
    3: <h1>The current time is: </h1>
    4: <%= time %>
    5: 
    6: <br>
    7: 
  app/views/update_times/index.html.erb:4:in `_app_views_update_times_index_html_erb___1249603745368549480_70161833737020'


  Rendered /home/csuser/.rbenv/versions/2.1.5/lib/ruby/gems/2.1.0/gems/actionpack-4.2.5.1/lib/action_dispatch/middleware/templates/rescues/_source.erb (4.5ms)
  Rendered /home/csuser/.rbenv/versions/2.1.5/lib/ruby/gems/2.1.0/gems/actionpack-4.2.5.1/lib/action_dispatch/middleware/templates/rescues/_trace.html.erb (2.8ms)
  Rendered /home/csuser/.rbenv/versions/2.1.5/lib/ruby/gems/2.1.0/gems/actionpack-4.2.5.1/lib/action_dispatch/middleware/templates/rescues/_request_and_response.html.erb (1.6ms)
  Rendered /home/csuser/.rbenv/versions/2.1.5/lib/ruby/gems/2.1.0/gems/actionpack-4.2.5.1/lib/action_dispatch/middleware/templates/rescues/template_error.html.erb within rescues/layout (30.5ms)
  Rendered /home/csuser/.rbenv/versions/2.1.5/lib/ruby/gems/2.1.0/gems/web-console-2.3.0/lib/web_console/templates/_markup.html.erb (3.9ms)
  Rendered /home/csuser/.rbenv/versions/2.1.5/lib/ruby/gems/2.1.0/gems/web-console-2.3.0/lib/web_console/templates/_inner_console_markup.html.erb within layouts/inlined_string (0.3ms)
  Rendered /home/csuser/.rbenv/versions/2.1.5/lib/ruby/gems/2.1.0/gems/web-console-2.3.0/lib/web_console/templates/_prompt_box_markup.html.erb within layouts/inlined_string (0.2ms)
  Rendered /home/csuser/.rbenv/versions/2.1.5/lib/ruby/gems/2.1.0/gems/web-console-2.3.0/lib/web_console/templates/style.css.erb within layouts/inlined_string (3.2ms)
  Rendered /home/csuser/.rbenv/versions/2.1.5/lib/ruby/gems/2.1.0/gems/web-console-2.3.0/lib/web_console/templates/console.js.erb within layouts/javascript (21.3ms)
  Rendered /home/csuser/.rbenv/versions/2.1.5/lib/ruby/gems/2.1.0/gems/web-console-2.3.0/lib/web_console/templates/main.js.erb within layouts/javascript (0.2ms)
  Rendered /home/csuser/.rbenv/versions/2.1.5/lib/ruby/gems/2.1.0/gems/web-console-2.3.0/lib/web_console/templates/error_page.js.erb within layouts/javascript (0.3ms)
  Rendered /home/csuser/.rbenv/versions/2.1.5/lib/ruby/gems/2.1.0/gems/web-console-2.3.0/lib/web_console/templates/index.html.erb (53.3ms)


Started GET "/update_times" for 127.0.0.1 at 2016-05-02 11:10:06 -0400
Processing by UpdateTimesController#index as HTML
  Rendered update_times/index.html.erb within layouts/application (0.5ms)
Completed 200 OK in 90ms (Views: 89.0ms | ActiveRecord: 0.0ms)


Started GET "/update_times" for 127.0.0.1 at 2016-05-02 11:11:09 -0400
Processing by UpdateTimesController#index as HTML
  Rendered update_times/index.html.erb within layouts/application (2.5ms)
Completed 500 Internal Server Error in 9ms (ActiveRecord: 0.0ms)

ActionView::Template::Error (undefined method `strftime' for :time:Symbol):
    1: <p id="notice"><%= notice %></p>
    2: 
    3: <h1>The current time is: </h1>
    4: <%= :time.strftime("%B %d %I:%M %p") %>
    5: 
    6: <br>
    7: 
  app/views/update_times/index.html.erb:4:in `_app_views_update_times_index_html_erb___1249603745368549480_70161757784940'


  Rendered /home/csuser/.rbenv/versions/2.1.5/lib/ruby/gems/2.1.0/gems/actionpack-4.2.5.1/lib/action_dispatch/middleware/templates/rescues/_source.erb (17.5ms)
  Rendered /home/csuser/.rbenv/versions/2.1.5/lib/ruby/gems/2.1.0/gems/actionpack-4.2.5.1/lib/action_dispatch/middleware/templates/rescues/_trace.html.erb (3.8ms)
  Rendered /home/csuser/.rbenv/versions/2.1.5/lib/ruby/gems/2.1.0/gems/actionpack-4.2.5.1/lib/action_dispatch/middleware/templates/rescues/_request_and_response.html.erb (0.9ms)
  Rendered /home/csuser/.rbenv/versions/2.1.5/lib/ruby/gems/2.1.0/gems/actionpack-4.2.5.1/lib/action_dispatch/middleware/templates/rescues/template_error.html.erb within rescues/layout (44.2ms)
  Rendered /home/csuser/.rbenv/versions/2.1.5/lib/ruby/gems/2.1.0/gems/web-console-2.3.0/lib/web_console/templates/_markup.html.erb (0.3ms)
  Rendered /home/csuser/.rbenv/versions/2.1.5/lib/ruby/gems/2.1.0/gems/web-console-2.3.0/lib/web_console/templates/_inner_console_markup.html.erb within layouts/inlined_string (0.4ms)
  Rendered /home/csuser/.rbenv/versions/2.1.5/lib/ruby/gems/2.1.0/gems/web-console-2.3.0/lib/web_console/templates/_prompt_box_markup.html.erb within layouts/inlined_string (0.3ms)
  Rendered /home/csuser/.rbenv/versions/2.1.5/lib/ruby/gems/2.1.0/gems/web-console-2.3.0/lib/web_console/templates/style.css.erb within layouts/inlined_string (0.4ms)
  Rendered /home/csuser/.rbenv/versions/2.1.5/lib/ruby/gems/2.1.0/gems/web-console-2.3.0/lib/web_console/templates/console.js.erb within layouts/javascript (34.2ms)
  Rendered /home/csuser/.rbenv/versions/2.1.5/lib/ruby/gems/2.1.0/gems/web-console-2.3.0/lib/web_console/templates/main.js.erb within layouts/javascript (0.2ms)
  Rendered /home/csuser/.rbenv/versions/2.1.5/lib/ruby/gems/2.1.0/gems/web-console-2.3.0/lib/web_console/templates/error_page.js.erb within layouts/javascript (0.4ms)
  Rendered /home/csuser/.rbenv/versions/2.1.5/lib/ruby/gems/2.1.0/gems/web-console-2.3.0/lib/web_console/templates/index.html.erb (58.0ms)


Started GET "/update_times" for 127.0.0.1 at 2016-05-02 11:11:54 -0400
Processing by UpdateTimesController#index as HTML
  Rendered update_times/index.html.erb within layouts/application (1.6ms)
Completed 500 Internal Server Error in 11ms (ActiveRecord: 0.0ms)

ActionView::Template::Error (wrong number of arguments (1 for 0)):
    1: <p id="notice"><%= notice %></p>
    2: 
    3: <h1>The current time is: </h1>
    4: <%= :time.to_s("%B %d %I:%M %p") %>
    5: 
    6: <br>
    7: 
  app/views/update_times/index.html.erb:4:in `to_s'
  app/views/update_times/index.html.erb:4:in `_app_views_update_times_index_html_erb___1249603745368549480_70161841333640'


  Rendered /home/csuser/.rbenv/versions/2.1.5/lib/ruby/gems/2.1.0/gems/actionpack-4.2.5.1/lib/action_dispatch/middleware/templates/rescues/_source.erb (7.1ms)
  Rendered /home/csuser/.rbenv/versions/2.1.5/lib/ruby/gems/2.1.0/gems/actionpack-4.2.5.1/lib/action_dispatch/middleware/templates/rescues/_trace.html.erb (5.5ms)
  Rendered /home/csuser/.rbenv/versions/2.1.5/lib/ruby/gems/2.1.0/gems/actionpack-4.2.5.1/lib/action_dispatch/middleware/templates/rescues/_request_and_response.html.erb (0.8ms)
  Rendered /home/csuser/.rbenv/versions/2.1.5/lib/ruby/gems/2.1.0/gems/actionpack-4.2.5.1/lib/action_dispatch/middleware/templates/rescues/template_error.html.erb within rescues/layout (43.4ms)
  Rendered /home/csuser/.rbenv/versions/2.1.5/lib/ruby/gems/2.1.0/gems/web-console-2.3.0/lib/web_console/templates/_markup.html.erb (0.4ms)
  Rendered /home/csuser/.rbenv/versions/2.1.5/lib/ruby/gems/2.1.0/gems/web-console-2.3.0/lib/web_console/templates/_inner_console_markup.html.erb within layouts/inlined_string (0.2ms)
  Rendered /home/csuser/.rbenv/versions/2.1.5/lib/ruby/gems/2.1.0/gems/web-console-2.3.0/lib/web_console/templates/_prompt_box_markup.html.erb within layouts/inlined_string (0.2ms)
  Rendered /home/csuser/.rbenv/versions/2.1.5/lib/ruby/gems/2.1.0/gems/web-console-2.3.0/lib/web_console/templates/style.css.erb within layouts/inlined_string (0.7ms)
  Rendered /home/csuser/.rbenv/versions/2.1.5/lib/ruby/gems/2.1.0/gems/web-console-2.3.0/lib/web_console/templates/console.js.erb within layouts/javascript (24.7ms)
  Rendered /home/csuser/.rbenv/versions/2.1.5/lib/ruby/gems/2.1.0/gems/web-console-2.3.0/lib/web_console/templates/main.js.erb within layouts/javascript (0.8ms)
  Rendered /home/csuser/.rbenv/versions/2.1.5/lib/ruby/gems/2.1.0/gems/web-console-2.3.0/lib/web_console/templates/error_page.js.erb within layouts/javascript (0.3ms)
  Rendered /home/csuser/.rbenv/versions/2.1.5/lib/ruby/gems/2.1.0/gems/web-console-2.3.0/lib/web_console/templates/index.html.erb (57.0ms)


Started GET "/update_times" for 127.0.0.1 at 2016-05-02 11:12:14 -0400
Processing by UpdateTimesController#index as HTML
  Rendered update_times/index.html.erb within layouts/application (1.1ms)
Completed 200 OK in 85ms (Views: 83.5ms | ActiveRecord: 0.0ms)


Started GET "/update_times" for 127.0.0.1 at 2016-05-02 11:12:45 -0400
Processing by UpdateTimesController#index as HTML
  Rendered update_times/index.html.erb within layouts/application (0.5ms)
Completed 200 OK in 75ms (Views: 74.5ms | ActiveRecord: 0.0ms)


Started GET "/update_times" for 127.0.0.1 at 2016-05-02 11:13:39 -0400
Processing by UpdateTimesController#index as HTML
  Rendered update_times/index.html.erb within layouts/application (0.5ms)
Completed 200 OK in 117ms (Views: 115.3ms | ActiveRecord: 0.0ms)


Started GET "/update_times" for 127.0.0.1 at 2016-05-02 11:14:59 -0400
Processing by UpdateTimesController#index as HTML
  Rendered update_times/index.html.erb within layouts/application (6.2ms)
Completed 200 OK in 117ms (Views: 116.1ms | ActiveRecord: 0.0ms)


Started GET "/update_times" for 127.0.0.1 at 2016-05-02 11:15:11 -0400
Processing by UpdateTimesController#index as HTML
  Rendered update_times/index.html.erb within layouts/application (3.5ms)
Completed 200 OK in 94ms (Views: 93.7ms | ActiveRecord: 0.0ms)


Started GET "/update_times" for 127.0.0.1 at 2016-05-02 11:16:09 -0400
Processing by UpdateTimesController#index as HTML
  Rendered update_times/index.html.erb within layouts/application (0.2ms)
Completed 200 OK in 94ms (Views: 91.9ms | ActiveRecord: 0.0ms)


Started GET "/update_times" for 127.0.0.1 at 2016-05-02 11:17:40 -0400
Processing by UpdateTimesController#index as HTML
  Rendered update_times/index.html.erb within layouts/application (1.7ms)
Completed 200 OK in 92ms (Views: 91.8ms | ActiveRecord: 0.0ms)


Started GET "/update_times/new" for 127.0.0.1 at 2016-05-02 11:17:42 -0400
Processing by UpdateTimesController#new as JS
  Rendered update_times/_form.html.erb (2.9ms)
  Rendered update_times/new.html.erb within layouts/application (5.3ms)
Completed 500 Internal Server Error in 12ms (ActiveRecord: 0.3ms)

ActionView::Template::Error (First argument in form cannot contain nil or be empty):
    1: <%= form_for(@time) do |f| %>
    2:   <% if @update_time.errors.any? %>
    3:     <div id="error_explanation">
    4:       <h2><%= pluralize(@update_time.errors.count, "error") %> prohibited this update_time from being saved:</h2>
  app/views/update_times/_form.html.erb:1:in `_app_views_update_times__form_html_erb__1756362229743162659_70161835475440'
  app/views/update_times/new.html.erb:3:in `_app_views_update_times_new_html_erb___4168578950952992728_70161835596860'


  Rendered /home/csuser/.rbenv/versions/2.1.5/lib/ruby/gems/2.1.0/gems/actionpack-4.2.5.1/lib/action_dispatch/middleware/templates/rescues/_trace.text.erb (0.4ms)
  Rendered /home/csuser/.rbenv/versions/2.1.5/lib/ruby/gems/2.1.0/gems/actionpack-4.2.5.1/lib/action_dispatch/middleware/templates/rescues/_request_and_response.text.erb (0.4ms)
  Rendered /home/csuser/.rbenv/versions/2.1.5/lib/ruby/gems/2.1.0/gems/actionpack-4.2.5.1/lib/action_dispatch/middleware/templates/rescues/template_error.text.erb (6.7ms)


Started GET "/update_times/new" for 127.0.0.1 at 2016-05-02 11:17:43 -0400
Processing by UpdateTimesController#new as JS
  Rendered update_times/_form.html.erb (2.3ms)
  Rendered update_times/new.html.erb within layouts/application (4.1ms)
Completed 500 Internal Server Error in 8ms (ActiveRecord: 0.0ms)

ActionView::Template::Error (First argument in form cannot contain nil or be empty):
    1: <%= form_for(@time) do |f| %>
    2:   <% if @update_time.errors.any? %>
    3:     <div id="error_explanation">
    4:       <h2><%= pluralize(@update_time.errors.count, "error") %> prohibited this update_time from being saved:</h2>
  app/views/update_times/_form.html.erb:1:in `_app_views_update_times__form_html_erb__1756362229743162659_70161835475440'
  app/views/update_times/new.html.erb:3:in `_app_views_update_times_new_html_erb___4168578950952992728_70161835596860'


  Rendered /home/csuser/.rbenv/versions/2.1.5/lib/ruby/gems/2.1.0/gems/actionpack-4.2.5.1/lib/action_dispatch/middleware/templates/rescues/_trace.text.erb (0.4ms)
  Rendered /home/csuser/.rbenv/versions/2.1.5/lib/ruby/gems/2.1.0/gems/actionpack-4.2.5.1/lib/action_dispatch/middleware/templates/rescues/_request_and_response.text.erb (0.5ms)
  Rendered /home/csuser/.rbenv/versions/2.1.5/lib/ruby/gems/2.1.0/gems/actionpack-4.2.5.1/lib/action_dispatch/middleware/templates/rescues/template_error.text.erb (7.4ms)


Started GET "/update_times/new" for 127.0.0.1 at 2016-05-02 11:17:44 -0400
Processing by UpdateTimesController#new as JS
  Rendered update_times/_form.html.erb (2.6ms)
  Rendered update_times/new.html.erb within layouts/application (4.9ms)
Completed 500 Internal Server Error in 8ms (ActiveRecord: 0.0ms)

ActionView::Template::Error (First argument in form cannot contain nil or be empty):
    1: <%= form_for(@time) do |f| %>
    2:   <% if @update_time.errors.any? %>
    3:     <div id="error_explanation">
    4:       <h2><%= pluralize(@update_time.errors.count, "error") %> prohibited this update_time from being saved:</h2>
  app/views/update_times/_form.html.erb:1:in `_app_views_update_times__form_html_erb__1756362229743162659_70161835475440'
  app/views/update_times/new.html.erb:3:in `_app_views_update_times_new_html_erb___4168578950952992728_70161835596860'


  Rendered /home/csuser/.rbenv/versions/2.1.5/lib/ruby/gems/2.1.0/gems/actionpack-4.2.5.1/lib/action_dispatch/middleware/templates/rescues/_trace.text.erb (0.5ms)
  Rendered /home/csuser/.rbenv/versions/2.1.5/lib/ruby/gems/2.1.0/gems/actionpack-4.2.5.1/lib/action_dispatch/middleware/templates/rescues/_request_and_response.text.erb (0.5ms)
  Rendered /home/csuser/.rbenv/versions/2.1.5/lib/ruby/gems/2.1.0/gems/actionpack-4.2.5.1/lib/action_dispatch/middleware/templates/rescues/template_error.text.erb (7.5ms)


Started GET "/update_times" for 127.0.0.1 at 2016-05-02 11:20:48 -0400
Processing by UpdateTimesController#index as HTML
  Rendered update_times/index.html.erb within layouts/application (3.9ms)
Completed 200 OK in 80ms (Views: 79.4ms | ActiveRecord: 0.0ms)


Started GET "/update_times/new" for 127.0.0.1 at 2016-05-02 11:20:50 -0400
Processing by UpdateTimesController#new as JS
  Rendered update_times/new.js.erb (0.3ms)
Completed 200 OK in 4ms (Views: 2.4ms | ActiveRecord: 0.0ms)


Started GET "/update_times/new" for 127.0.0.1 at 2016-05-02 11:20:51 -0400
Processing by UpdateTimesController#new as JS
  Rendered update_times/new.js.erb (0.0ms)
Completed 200 OK in 2ms (Views: 1.3ms | ActiveRecord: 0.0ms)


Started GET "/update_times/new" for 127.0.0.1 at 2016-05-02 11:20:52 -0400
Processing by UpdateTimesController#new as JS
  Rendered update_times/new.js.erb (0.0ms)
Completed 200 OK in 2ms (Views: 1.2ms | ActiveRecord: 0.0ms)


Started GET "/update_times/new" for 127.0.0.1 at 2016-05-02 11:20:52 -0400
Processing by UpdateTimesController#new as JS
  Rendered update_times/new.js.erb (0.0ms)
Completed 200 OK in 2ms (Views: 1.3ms | ActiveRecord: 0.0ms)


Started GET "/update_times" for 127.0.0.1 at 2016-05-02 11:21:08 -0400
Processing by UpdateTimesController#index as HTML
  Rendered update_times/index.html.erb within layouts/application (0.3ms)
Completed 200 OK in 111ms (Views: 109.7ms | ActiveRecord: 0.0ms)


Started GET "/update_times/new" for 127.0.0.1 at 2016-05-02 11:21:10 -0400
Processing by UpdateTimesController#new as JS
  Rendered update_times/new.js.erb (2.4ms)
Completed 200 OK in 4ms (Views: 3.2ms | ActiveRecord: 0.0ms)


Started GET "/update_times/new" for 127.0.0.1 at 2016-05-02 11:21:11 -0400
Processing by UpdateTimesController#new as JS
  Rendered update_times/new.js.erb (0.0ms)
Completed 200 OK in 2ms (Views: 1.0ms | ActiveRecord: 0.0ms)


Started GET "/update_times/new" for 127.0.0.1 at 2016-05-02 11:21:12 -0400
Processing by UpdateTimesController#new as JS
  Rendered update_times/new.js.erb (0.0ms)
Completed 200 OK in 4ms (Views: 1.4ms | ActiveRecord: 0.0ms)


Started GET "/update_times" for 127.0.0.1 at 2016-05-02 11:23:04 -0400
Processing by UpdateTimesController#index as HTML
  Rendered update_times/index.html.erb within layouts/application (0.2ms)
Completed 200 OK in 87ms (Views: 86.8ms | ActiveRecord: 0.0ms)


Started GET "/update_times/new" for 127.0.0.1 at 2016-05-02 11:23:05 -0400
Processing by UpdateTimesController#new as JS
  Rendered update_times/new.js.erb (0.0ms)
Completed 200 OK in 5ms (Views: 4.7ms | ActiveRecord: 0.0ms)


Started GET "/update_times/new" for 127.0.0.1 at 2016-05-02 11:23:09 -0400
Processing by UpdateTimesController#new as JS
  Rendered update_times/new.js.erb (0.0ms)
Completed 200 OK in 1ms (Views: 0.8ms | ActiveRecord: 0.0ms)


Started GET "/update_times/new" for 127.0.0.1 at 2016-05-02 11:23:12 -0400
Processing by UpdateTimesController#new as JS
  Rendered update_times/new.js.erb (0.0ms)
Completed 200 OK in 1ms (Views: 0.9ms | ActiveRecord: 0.0ms)


Started GET "/update_times/new" for 127.0.0.1 at 2016-05-02 11:23:18 -0400
Processing by UpdateTimesController#new as JS
  Rendered update_times/new.js.erb (0.0ms)
Completed 200 OK in 1ms (Views: 0.9ms | ActiveRecord: 0.0ms)


Started GET "/update_times/new" for 127.0.0.1 at 2016-05-02 11:24:14 -0400
Processing by UpdateTimesController#new as JS
  Rendered update_times/new.js.erb (0.0ms)
Completed 200 OK in 4ms (Views: 3.9ms | ActiveRecord: 0.0ms)


Started GET "/update_times/new" for 127.0.0.1 at 2016-05-02 11:24:15 -0400
Processing by UpdateTimesController#new as JS
  Rendered update_times/new.js.erb (0.0ms)
Completed 200 OK in 1ms (Views: 0.8ms | ActiveRecord: 0.0ms)


Started GET "/update_times" for 127.0.0.1 at 2016-05-02 11:26:02 -0400
Processing by UpdateTimesController#index as HTML
  Rendered update_times/index.html.erb within layouts/application (0.3ms)
Completed 200 OK in 87ms (Views: 86.4ms | ActiveRecord: 0.0ms)


Started GET "/update_times/new" for 127.0.0.1 at 2016-05-02 11:26:03 -0400
Processing by UpdateTimesController#new as JS
  Rendered update_times/new.js.erb (0.0ms)
Completed 200 OK in 2ms (Views: 1.0ms | ActiveRecord: 0.0ms)


Started GET "/update_times/new" for 127.0.0.1 at 2016-05-02 11:26:04 -0400
Processing by UpdateTimesController#new as JS
  Rendered update_times/new.js.erb (0.0ms)
Completed 200 OK in 2ms (Views: 1.3ms | ActiveRecord: 0.0ms)


Started GET "/update_times" for 127.0.0.1 at 2016-05-02 11:26:06 -0400
Processing by UpdateTimesController#index as HTML
  Rendered update_times/index.html.erb within layouts/application (1.8ms)
Completed 200 OK in 91ms (Views: 90.1ms | ActiveRecord: 0.0ms)


Started GET "/update_times" for 127.0.0.1 at 2016-05-02 11:27:53 -0400
Processing by UpdateTimesController#index as HTML
  Rendered update_times/index.html.erb within layouts/application (9.5ms)
Completed 500 Internal Server Error in 13ms (ActiveRecord: 0.0ms)

ActionView::Template::Error (Missing partial main/_form with {:locale=>[:en], :formats=>[:html], :variants=>[], :handlers=>[:erb, :builder, :raw, :ruby, :coffee, :jbuilder]}. Searched in:
  * "/home/csuser/RubymineProjects/ajax_lab/app/views"
  * "/home/csuser/.rbenv/versions/2.1.5/lib/ruby/gems/2.1.0/gems/twitter-bootstrap-rails-3.2.2/app/views"
):
    1: <p id="notice"><%= notice %></p>
    2: 
    3: <h1>The current time is: </h1>
    4: <%= render :partial=>"main/form" %>
    5: <strong><%= @time.to_s("%B %d %I:%M %p") %></strong>
    6: 
    7: <br>
  app/views/update_times/index.html.erb:4:in `_app_views_update_times_index_html_erb___1249603745368549480_70161755433700'


  Rendered /home/csuser/.rbenv/versions/2.1.5/lib/ruby/gems/2.1.0/gems/actionpack-4.2.5.1/lib/action_dispatch/middleware/templates/rescues/_source.erb (8.5ms)
  Rendered /home/csuser/.rbenv/versions/2.1.5/lib/ruby/gems/2.1.0/gems/actionpack-4.2.5.1/lib/action_dispatch/middleware/templates/rescues/_trace.html.erb (3.9ms)
  Rendered /home/csuser/.rbenv/versions/2.1.5/lib/ruby/gems/2.1.0/gems/actionpack-4.2.5.1/lib/action_dispatch/middleware/templates/rescues/_request_and_response.html.erb (0.7ms)
  Rendered /home/csuser/.rbenv/versions/2.1.5/lib/ruby/gems/2.1.0/gems/actionpack-4.2.5.1/lib/action_dispatch/middleware/templates/rescues/template_error.html.erb within rescues/layout (44.0ms)
  Rendered /home/csuser/.rbenv/versions/2.1.5/lib/ruby/gems/2.1.0/gems/web-console-2.3.0/lib/web_console/templates/_markup.html.erb (0.2ms)
  Rendered /home/csuser/.rbenv/versions/2.1.5/lib/ruby/gems/2.1.0/gems/web-console-2.3.0/lib/web_console/templates/_inner_console_markup.html.erb within layouts/inlined_string (0.3ms)
  Rendered /home/csuser/.rbenv/versions/2.1.5/lib/ruby/gems/2.1.0/gems/web-console-2.3.0/lib/web_console/templates/_prompt_box_markup.html.erb within layouts/inlined_string (0.3ms)
  Rendered /home/csuser/.rbenv/versions/2.1.5/lib/ruby/gems/2.1.0/gems/web-console-2.3.0/lib/web_console/templates/style.css.erb within layouts/inlined_string (0.2ms)
  Rendered /home/csuser/.rbenv/versions/2.1.5/lib/ruby/gems/2.1.0/gems/web-console-2.3.0/lib/web_console/templates/console.js.erb within layouts/javascript (23.2ms)
  Rendered /home/csuser/.rbenv/versions/2.1.5/lib/ruby/gems/2.1.0/gems/web-console-2.3.0/lib/web_console/templates/main.js.erb within layouts/javascript (0.2ms)
  Rendered /home/csuser/.rbenv/versions/2.1.5/lib/ruby/gems/2.1.0/gems/web-console-2.3.0/lib/web_console/templates/error_page.js.erb within layouts/javascript (0.3ms)
  Rendered /home/csuser/.rbenv/versions/2.1.5/lib/ruby/gems/2.1.0/gems/web-console-2.3.0/lib/web_console/templates/index.html.erb (55.3ms)


Started GET "/update_times" for 127.0.0.1 at 2016-05-02 11:28:11 -0400
Processing by UpdateTimesController#index as HTML
  Rendered update_times/index.html.erb within layouts/application (0.8ms)
Completed 500 Internal Server Error in 8ms (ActiveRecord: 0.0ms)

SyntaxError (/home/csuser/RubymineProjects/ajax_lab/app/views/update_times/index.html.erb:4: syntax error, unexpected ':', expecting ')'
... render :partial=>"main/form" :collection=>@time);@output_bu...
...                               ^):
  app/views/update_times/index.html.erb:4: syntax error, unexpected ':', expecting ')'


  Rendered /home/csuser/.rbenv/versions/2.1.5/lib/ruby/gems/2.1.0/gems/actionpack-4.2.5.1/lib/action_dispatch/middleware/templates/rescues/_source.erb (7.9ms)
  Rendered /home/csuser/.rbenv/versions/2.1.5/lib/ruby/gems/2.1.0/gems/actionpack-4.2.5.1/lib/action_dispatch/middleware/templates/rescues/_trace.html.erb (5.9ms)
  Rendered /home/csuser/.rbenv/versions/2.1.5/lib/ruby/gems/2.1.0/gems/actionpack-4.2.5.1/lib/action_dispatch/middleware/templates/rescues/_request_and_response.html.erb (0.8ms)
  Rendered /home/csuser/.rbenv/versions/2.1.5/lib/ruby/gems/2.1.0/gems/actionpack-4.2.5.1/lib/action_dispatch/middleware/templates/rescues/diagnostics.html.erb within rescues/layout (46.4ms)
  Rendered /home/csuser/.rbenv/versions/2.1.5/lib/ruby/gems/2.1.0/gems/web-console-2.3.0/lib/web_console/templates/_markup.html.erb (0.3ms)
  Rendered /home/csuser/.rbenv/versions/2.1.5/lib/ruby/gems/2.1.0/gems/web-console-2.3.0/lib/web_console/templates/_inner_console_markup.html.erb within layouts/inlined_string (1.3ms)
  Rendered /home/csuser/.rbenv/versions/2.1.5/lib/ruby/gems/2.1.0/gems/web-console-2.3.0/lib/web_console/templates/_prompt_box_markup.html.erb within layouts/inlined_string (0.3ms)
  Rendered /home/csuser/.rbenv/versions/2.1.5/lib/ruby/gems/2.1.0/gems/web-console-2.3.0/lib/web_console/templates/style.css.erb within layouts/inlined_string (0.4ms)
  Rendered /home/csuser/.rbenv/versions/2.1.5/lib/ruby/gems/2.1.0/gems/web-console-2.3.0/lib/web_console/templates/console.js.erb within layouts/javascript (33.9ms)
  Rendered /home/csuser/.rbenv/versions/2.1.5/lib/ruby/gems/2.1.0/gems/web-console-2.3.0/lib/web_console/templates/main.js.erb within layouts/javascript (2.3ms)
  Rendered /home/csuser/.rbenv/versions/2.1.5/lib/ruby/gems/2.1.0/gems/web-console-2.3.0/lib/web_console/templates/error_page.js.erb within layouts/javascript (0.4ms)
  Rendered /home/csuser/.rbenv/versions/2.1.5/lib/ruby/gems/2.1.0/gems/web-console-2.3.0/lib/web_console/templates/index.html.erb (56.4ms)


Started GET "/update_times" for 127.0.0.1 at 2016-05-02 11:28:31 -0400
Processing by UpdateTimesController#index as HTML
  Rendered update_times/index.html.erb within layouts/application (2.4ms)
Completed 500 Internal Server Error in 59ms (ActiveRecord: 0.0ms)

ActionView::Template::Error (Missing partial main/_form with {:locale=>[:en], :formats=>[:html], :variants=>[], :handlers=>[:erb, :builder, :raw, :ruby, :coffee, :jbuilder]}. Searched in:
  * "/home/csuser/RubymineProjects/ajax_lab/app/views"
  * "/home/csuser/.rbenv/versions/2.1.5/lib/ruby/gems/2.1.0/gems/twitter-bootstrap-rails-3.2.2/app/views"
):
    1: <p id="notice"><%= notice %></p>
    2: 
    3: <h1>The current time is: </h1>
    4: <%= render :partial=>"main/form", :collection=>@time%>
    5: <strong><%= @time.to_s("%B %d %I:%M %p") %></strong>
    6: 
    7: <br>
  app/views/update_times/index.html.erb:4:in `_app_views_update_times_index_html_erb___1249603745368549480_70161755078220'


  Rendered /home/csuser/.rbenv/versions/2.1.5/lib/ruby/gems/2.1.0/gems/actionpack-4.2.5.1/lib/action_dispatch/middleware/templates/rescues/_source.erb (12.6ms)
  Rendered /home/csuser/.rbenv/versions/2.1.5/lib/ruby/gems/2.1.0/gems/actionpack-4.2.5.1/lib/action_dispatch/middleware/templates/rescues/_trace.html.erb (10.2ms)
  Rendered /home/csuser/.rbenv/versions/2.1.5/lib/ruby/gems/2.1.0/gems/actionpack-4.2.5.1/lib/action_dispatch/middleware/templates/rescues/_request_and_response.html.erb (0.8ms)
  Rendered /home/csuser/.rbenv/versions/2.1.5/lib/ruby/gems/2.1.0/gems/actionpack-4.2.5.1/lib/action_dispatch/middleware/templates/rescues/template_error.html.erb within rescues/layout (47.2ms)
  Rendered /home/csuser/.rbenv/versions/2.1.5/lib/ruby/gems/2.1.0/gems/web-console-2.3.0/lib/web_console/templates/_markup.html.erb (1.9ms)
  Rendered /home/csuser/.rbenv/versions/2.1.5/lib/ruby/gems/2.1.0/gems/web-console-2.3.0/lib/web_console/templates/_inner_console_markup.html.erb within layouts/inlined_string (0.2ms)
  Rendered /home/csuser/.rbenv/versions/2.1.5/lib/ruby/gems/2.1.0/gems/web-console-2.3.0/lib/web_console/templates/_prompt_box_markup.html.erb within layouts/inlined_string (0.3ms)
  Rendered /home/csuser/.rbenv/versions/2.1.5/lib/ruby/gems/2.1.0/gems/web-console-2.3.0/lib/web_console/templates/style.css.erb within layouts/inlined_string (0.2ms)
  Rendered /home/csuser/.rbenv/versions/2.1.5/lib/ruby/gems/2.1.0/gems/web-console-2.3.0/lib/web_console/templates/console.js.erb within layouts/javascript (23.8ms)
  Rendered /home/csuser/.rbenv/versions/2.1.5/lib/ruby/gems/2.1.0/gems/web-console-2.3.0/lib/web_console/templates/main.js.erb within layouts/javascript (0.3ms)
  Rendered /home/csuser/.rbenv/versions/2.1.5/lib/ruby/gems/2.1.0/gems/web-console-2.3.0/lib/web_console/templates/error_page.js.erb within layouts/javascript (0.4ms)
  Rendered /home/csuser/.rbenv/versions/2.1.5/lib/ruby/gems/2.1.0/gems/web-console-2.3.0/lib/web_console/templates/index.html.erb (49.5ms)


Started GET "/update_times" for 127.0.0.1 at 2016-05-02 11:28:53 -0400
Processing by UpdateTimesController#index as HTML
  Rendered update_times/index.html.erb within layouts/application (2.0ms)
Completed 500 Internal Server Error in 8ms (ActiveRecord: 0.0ms)

ActionView::Template::Error (Missing partial main/_form with {:locale=>[:en], :formats=>[:html], :variants=>[], :handlers=>[:erb, :builder, :raw, :ruby, :coffee, :jbuilder]}. Searched in:
  * "/home/csuser/RubymineProjects/ajax_lab/app/views"
  * "/home/csuser/.rbenv/versions/2.1.5/lib/ruby/gems/2.1.0/gems/twitter-bootstrap-rails-3.2.2/app/views"
):
    1: <p id="notice"><%= notice %></p>
    2: 
    3: <h1>The current time is: </h1>
    4: <%= render :partial=>"main/form", :collection=>@time%>
    5: <strong><%= @time.to_s("%B %d %I:%M %p") %></strong>
    6: 
    7: <br>
  app/views/update_times/index.html.erb:4:in `_app_views_update_times_index_html_erb___1249603745368549480_70161755078220'


  Rendered /home/csuser/.rbenv/versions/2.1.5/lib/ruby/gems/2.1.0/gems/actionpack-4.2.5.1/lib/action_dispatch/middleware/templates/rescues/_source.erb (7.8ms)
  Rendered /home/csuser/.rbenv/versions/2.1.5/lib/ruby/gems/2.1.0/gems/actionpack-4.2.5.1/lib/action_dispatch/middleware/templates/rescues/_trace.html.erb (2.0ms)
  Rendered /home/csuser/.rbenv/versions/2.1.5/lib/ruby/gems/2.1.0/gems/actionpack-4.2.5.1/lib/action_dispatch/middleware/templates/rescues/_request_and_response.html.erb (1.0ms)
  Rendered /home/csuser/.rbenv/versions/2.1.5/lib/ruby/gems/2.1.0/gems/actionpack-4.2.5.1/lib/action_dispatch/middleware/templates/rescues/template_error.html.erb within rescues/layout (34.3ms)
  Rendered /home/csuser/.rbenv/versions/2.1.5/lib/ruby/gems/2.1.0/gems/web-console-2.3.0/lib/web_console/templates/_markup.html.erb (0.3ms)
  Rendered /home/csuser/.rbenv/versions/2.1.5/lib/ruby/gems/2.1.0/gems/web-console-2.3.0/lib/web_console/templates/_inner_console_markup.html.erb within layouts/inlined_string (0.4ms)
  Rendered /home/csuser/.rbenv/versions/2.1.5/lib/ruby/gems/2.1.0/gems/web-console-2.3.0/lib/web_console/templates/_prompt_box_markup.html.erb within layouts/inlined_string (0.2ms)
  Rendered /home/csuser/.rbenv/versions/2.1.5/lib/ruby/gems/2.1.0/gems/web-console-2.3.0/lib/web_console/templates/style.css.erb within layouts/inlined_string (0.3ms)
  Rendered /home/csuser/.rbenv/versions/2.1.5/lib/ruby/gems/2.1.0/gems/web-console-2.3.0/lib/web_console/templates/console.js.erb within layouts/javascript (22.2ms)
  Rendered /home/csuser/.rbenv/versions/2.1.5/lib/ruby/gems/2.1.0/gems/web-console-2.3.0/lib/web_console/templates/main.js.erb within layouts/javascript (0.3ms)
  Rendered /home/csuser/.rbenv/versions/2.1.5/lib/ruby/gems/2.1.0/gems/web-console-2.3.0/lib/web_console/templates/error_page.js.erb within layouts/javascript (0.3ms)
  Rendered /home/csuser/.rbenv/versions/2.1.5/lib/ruby/gems/2.1.0/gems/web-console-2.3.0/lib/web_console/templates/index.html.erb (53.9ms)


Started GET "/update_times" for 127.0.0.1 at 2016-05-02 11:29:19 -0400
Processing by UpdateTimesController#index as HTML
  Rendered update_times/_form.html.erb (0.0ms)
  Rendered update_times/index.html.erb within layouts/application (3.0ms)
Completed 200 OK in 130ms (Views: 129.2ms | ActiveRecord: 0.0ms)


Started GET "/update_times/new" for 127.0.0.1 at 2016-05-02 11:29:22 -0400
Processing by UpdateTimesController#new as JS
  Rendered update_times/new.js.erb (0.0ms)
Completed 200 OK in 5ms (Views: 4.7ms | ActiveRecord: 0.0ms)


Started GET "/update_times" for 127.0.0.1 at 2016-05-02 11:29:34 -0400
Processing by UpdateTimesController#index as HTML
  Rendered update_times/_form.html.erb (0.0ms)
  Rendered update_times/index.html.erb within layouts/application (6.0ms)
Completed 200 OK in 86ms (Views: 86.0ms | ActiveRecord: 0.0ms)


Started GET "/update_times" for 127.0.0.1 at 2016-05-02 11:30:32 -0400
Processing by UpdateTimesController#index as HTML
  Rendered update_times/_form.html.erb (0.0ms)
  Rendered update_times/index.html.erb within layouts/application (6.0ms)
Completed 200 OK in 84ms (Views: 83.7ms | ActiveRecord: 0.0ms)


Started GET "/update_times" for 127.0.0.1 at 2016-05-02 11:30:35 -0400
Processing by UpdateTimesController#index as HTML
  Rendered update_times/_form.html.erb (0.0ms)
  Rendered update_times/index.html.erb within layouts/application (2.9ms)
Completed 200 OK in 79ms (Views: 78.7ms | ActiveRecord: 0.0ms)


Started GET "/update_times" for 127.0.0.1 at 2016-05-02 11:30:47 -0400
Processing by UpdateTimesController#index as HTML
  Rendered update_times/_form.html.erb (0.2ms)
  Rendered update_times/index.html.erb within layouts/application (3.7ms)
Completed 200 OK in 85ms (Views: 84.1ms | ActiveRecord: 0.0ms)


Started GET "/update_times" for 127.0.0.1 at 2016-05-02 11:31:00 -0400
Processing by UpdateTimesController#index as HTML
  Rendered update_times/_form.html.erb (0.0ms)
  Rendered update_times/index.html.erb within layouts/application (3.7ms)
Completed 200 OK in 100ms (Views: 99.2ms | ActiveRecord: 0.0ms)


Started GET "/update_times/new" for 127.0.0.1 at 2016-05-02 11:31:03 -0400
Processing by UpdateTimesController#new as JS
  Rendered update_times/new.js.erb (0.0ms)
Completed 200 OK in 2ms (Views: 1.3ms | ActiveRecord: 0.0ms)


Started GET "/update_times/new" for 127.0.0.1 at 2016-05-02 11:31:04 -0400
Processing by UpdateTimesController#new as JS
  Rendered update_times/new.js.erb (0.0ms)
Completed 200 OK in 2ms (Views: 1.5ms | ActiveRecord: 0.0ms)


Started GET "/update_times" for 127.0.0.1 at 2016-05-02 11:33:25 -0400
Processing by UpdateTimesController#index as HTML
  Rendered update_times/_form.html.erb (0.0ms)
  Rendered update_times/index.html.erb within layouts/application (2.1ms)
Completed 200 OK in 117ms (Views: 116.2ms | ActiveRecord: 0.0ms)


Started GET "/update_times/new" for 127.0.0.1 at 2016-05-02 11:33:27 -0400
Processing by UpdateTimesController#new as JS
  Rendered update_times/_form.html.erb (0.2ms)
  Rendered update_times/new.js.erb (1.2ms)
Completed 200 OK in 3ms (Views: 2.5ms | ActiveRecord: 0.0ms)


Started GET "/update_times/new" for 127.0.0.1 at 2016-05-02 11:33:30 -0400
Processing by UpdateTimesController#new as JS
  Rendered update_times/_form.html.erb (0.0ms)
  Rendered update_times/new.js.erb (0.7ms)
Completed 200 OK in 2ms (Views: 1.9ms | ActiveRecord: 0.0ms)


Started GET "/update_times/new" for 127.0.0.1 at 2016-05-02 11:33:31 -0400
Processing by UpdateTimesController#new as JS
  Rendered update_times/_form.html.erb (0.0ms)
  Rendered update_times/new.js.erb (0.7ms)
Completed 200 OK in 3ms (Views: 2.0ms | ActiveRecord: 0.0ms)


Started GET "/update_times/new" for 127.0.0.1 at 2016-05-02 11:33:31 -0400
Processing by UpdateTimesController#new as JS
  Rendered update_times/_form.html.erb (0.0ms)
  Rendered update_times/new.js.erb (0.6ms)
Completed 200 OK in 2ms (Views: 1.8ms | ActiveRecord: 0.0ms)


Started GET "/update_times/new" for 127.0.0.1 at 2016-05-02 11:33:32 -0400
Processing by UpdateTimesController#new as JS
  Rendered update_times/_form.html.erb (0.0ms)
  Rendered update_times/new.js.erb (1.2ms)
Completed 200 OK in 2ms (Views: 1.9ms | ActiveRecord: 0.0ms)


Started GET "/update_times/new" for 127.0.0.1 at 2016-05-02 11:33:33 -0400
Processing by UpdateTimesController#new as JS
  Rendered update_times/_form.html.erb (0.1ms)
  Rendered update_times/new.js.erb (0.8ms)
Completed 200 OK in 2ms (Views: 1.5ms | ActiveRecord: 0.0ms)


Started GET "/update_times/new" for 127.0.0.1 at 2016-05-02 11:33:33 -0400
Processing by UpdateTimesController#new as JS
  Rendered update_times/_form.html.erb (0.0ms)
  Rendered update_times/new.js.erb (1.5ms)
Completed 200 OK in 3ms (Views: 2.2ms | ActiveRecord: 0.0ms)


Started GET "/update_times/new" for 127.0.0.1 at 2016-05-02 11:33:34 -0400
Processing by UpdateTimesController#new as JS
  Rendered update_times/_form.html.erb (0.0ms)
  Rendered update_times/new.js.erb (1.0ms)
Completed 200 OK in 2ms (Views: 1.7ms | ActiveRecord: 0.0ms)


Started GET "/update_times/new" for 127.0.0.1 at 2016-05-02 11:33:36 -0400
Processing by UpdateTimesController#new as JS
  Rendered update_times/_form.html.erb (0.0ms)
  Rendered update_times/new.js.erb (1.2ms)
Completed 200 OK in 2ms (Views: 1.9ms | ActiveRecord: 0.0ms)


Started GET "/update_times/new" for 127.0.0.1 at 2016-05-02 11:33:37 -0400
Processing by UpdateTimesController#new as JS
  Rendered update_times/_form.html.erb (0.0ms)
  Rendered update_times/new.js.erb (0.6ms)
Completed 200 OK in 2ms (Views: 1.7ms | ActiveRecord: 0.0ms)


Started GET "/update_times/new" for 127.0.0.1 at 2016-05-02 11:33:38 -0400
Processing by UpdateTimesController#new as JS
  Rendered update_times/_form.html.erb (0.0ms)
  Rendered update_times/new.js.erb (1.2ms)
Completed 200 OK in 2ms (Views: 1.9ms | ActiveRecord: 0.0ms)


Started GET "/update_times/new" for 127.0.0.1 at 2016-05-02 11:33:39 -0400
Processing by UpdateTimesController#new as JS
  Rendered update_times/_form.html.erb (0.0ms)
  Rendered update_times/new.js.erb (1.1ms)
Completed 200 OK in 2ms (Views: 1.8ms | ActiveRecord: 0.0ms)


Started GET "/update_times" for 127.0.0.1 at 2016-05-02 11:35:02 -0400
Processing by UpdateTimesController#index as HTML
  Rendered update_times/_form.html.erb (0.0ms)
  Rendered update_times/index.html.erb within layouts/application (6.4ms)
Completed 200 OK in 83ms (Views: 82.9ms | ActiveRecord: 0.0ms)


Started GET "/update_times" for 127.0.0.1 at 2016-05-02 11:35:04 -0400
Processing by UpdateTimesController#index as HTML
  Rendered update_times/_form.html.erb (0.0ms)
  Rendered update_times/index.html.erb within layouts/application (4.5ms)
Completed 200 OK in 85ms (Views: 84.7ms | ActiveRecord: 0.0ms)


Started GET "/update_times/new" for 127.0.0.1 at 2016-05-02 11:35:06 -0400
Processing by UpdateTimesController#new as JS
  Rendered update_times/_form.html.erb (0.0ms)
  Rendered update_times/new.js.erb (0.6ms)
Completed 200 OK in 2ms (Views: 1.8ms | ActiveRecord: 0.0ms)


Started GET "/update_times/new" for 127.0.0.1 at 2016-05-02 11:35:06 -0400
Processing by UpdateTimesController#new as JS
  Rendered update_times/_form.html.erb (0.0ms)
  Rendered update_times/new.js.erb (0.7ms)
Completed 200 OK in 2ms (Views: 2.0ms | ActiveRecord: 0.0ms)


Started GET "/update_times/new" for 127.0.0.1 at 2016-05-02 11:35:07 -0400
Processing by UpdateTimesController#new as JS
  Rendered update_times/_form.html.erb (0.0ms)
  Rendered update_times/new.js.erb (1.1ms)
Completed 200 OK in 2ms (Views: 1.7ms | ActiveRecord: 0.0ms)


Started GET "/update_times/new" for 127.0.0.1 at 2016-05-02 11:35:08 -0400
Processing by UpdateTimesController#new as JS
  Rendered update_times/_form.html.erb (0.0ms)
  Rendered update_times/new.js.erb (1.0ms)
Completed 200 OK in 2ms (Views: 1.7ms | ActiveRecord: 0.0ms)


Started GET "/update_times/new" for 127.0.0.1 at 2016-05-02 11:35:08 -0400
Processing by UpdateTimesController#new as JS
  Rendered update_times/_form.html.erb (0.0ms)
  Rendered update_times/new.js.erb (1.1ms)
Completed 200 OK in 2ms (Views: 1.7ms | ActiveRecord: 0.0ms)


Started GET "/update_times/new" for 127.0.0.1 at 2016-05-02 11:35:09 -0400
Processing by UpdateTimesController#new as JS
  Rendered update_times/_form.html.erb (0.0ms)
  Rendered update_times/new.js.erb (1.0ms)
Completed 200 OK in 2ms (Views: 1.7ms | ActiveRecord: 0.0ms)


Started GET "/update_times/new" for 127.0.0.1 at 2016-05-02 11:35:09 -0400
Processing by UpdateTimesController#new as JS
  Rendered update_times/_form.html.erb (0.0ms)
  Rendered update_times/new.js.erb (0.6ms)
Completed 200 OK in 2ms (Views: 1.2ms | ActiveRecord: 0.0ms)
